c:\users\dmorgan\documents\current\birdstrike\birdstrike2\birdstrike2\builds\holo\app_1\build\bin\arm\debug\unityplayer.winmd
c:\users\dmorgan\documents\current\birdstrike\birdstrike2\birdstrike2\builds\holo\app_1\build\bin\arm\debug\unityplayer.dll
c:\users\dmorgan\documents\current\birdstrike\birdstrike2\birdstrike2\builds\holo\app_1\build\bin\arm\debug\unityplayer_uap_arm_debug_il2cpp.pdb
c:\users\dmorgan\documents\current\birdstrike\birdstrike2\birdstrike2\builds\holo\app_1\build\bin\arm\debug\birdstrike2.winmd
c:\users\dmorgan\documents\current\birdstrike\birdstrike2\birdstrike2\builds\holo\app_1\build\obj\birdstrike2\arm\debug\birdstrike2.vcxprojassemblyreference.cache
c:\users\dmorgan\documents\current\birdstrike\birdstrike2\birdstrike2\builds\holo\app_1\build\obj\birdstrike2\arm\debug\birdstrike2.vcxproj.copycomplete
c:\users\dmorgan\documents\current\birdstrike\birdstrike2\birdstrike2\builds\holo\app_1\build\obj\birdstrike2\arm\debug\resourcehandlingtask.state
c:\users\dmorgan\documents\current\birdstrike\birdstrike2\birdstrike2\builds\holo\app_1\build\obj\birdstrike2\arm\debug\birdstrike2.vcxproj.generateresource.cache
c:\users\dmorgan\documents\current\birdstrike\birdstrike2\birdstrike2\builds\holo\app_1\build\obj\birdstrike2\arm\debug\priconfig.xml
c:\users\dmorgan\documents\current\birdstrike\birdstrike2\birdstrike2\builds\holo\app_1\build\obj\birdstrike2\arm\debug\priconfig.xml.intermediate
c:\users\dmorgan\documents\current\birdstrike\birdstrike2\birdstrike2\builds\holo\app_1\build\obj\birdstrike2\arm\debug\unfiltered.layout.resfiles
c:\users\dmorgan\documents\current\birdstrike\birdstrike2\birdstrike2\builds\holo\app_1\build\obj\birdstrike2\arm\debug\unfiltered.layout.resfiles.intermediate
c:\users\dmorgan\documents\current\birdstrike\birdstrike2\birdstrike2\builds\holo\app_1\build\obj\birdstrike2\arm\debug\filtered.layout.resfiles
c:\users\dmorgan\documents\current\birdstrike\birdstrike2\birdstrike2\builds\holo\app_1\build\obj\birdstrike2\arm\debug\filtered.layout.resfiles.intermediate
c:\users\dmorgan\documents\current\birdstrike\birdstrike2\birdstrike2\builds\holo\app_1\build\obj\birdstrike2\arm\debug\excluded.layout.resfiles
c:\users\dmorgan\documents\current\birdstrike\birdstrike2\birdstrike2\builds\holo\app_1\build\obj\birdstrike2\arm\debug\excluded.layout.resfiles.intermediate
c:\users\dmorgan\documents\current\birdstrike\birdstrike2\birdstrike2\builds\holo\app_1\build\obj\birdstrike2\arm\debug\resources.resfiles
c:\users\dmorgan\documents\current\birdstrike\birdstrike2\birdstrike2\builds\holo\app_1\build\obj\birdstrike2\arm\debug\resources.resfiles.intermediate
c:\users\dmorgan\documents\current\birdstrike\birdstrike2\birdstrike2\builds\holo\app_1\build\obj\birdstrike2\arm\debug\pri.resfiles
c:\users\dmorgan\documents\current\birdstrike\birdstrike2\birdstrike2\builds\holo\app_1\build\obj\birdstrike2\arm\debug\pri.resfiles.intermediate
c:\users\dmorgan\documents\current\birdstrike\birdstrike2\birdstrike2\builds\holo\app_1\build\bin\arm\debug\resources.pri
c:\users\dmorgan\documents\current\birdstrike\birdstrike2\birdstrike2\builds\holo\app_1\build\obj\birdstrike2\arm\debug\qualifiers.txt
c:\users\dmorgan\documents\current\birdstrike\birdstrike2\birdstrike2\builds\holo\app_1\build\obj\birdstrike2\arm\debug\qualifiers.txt.intermediate
c:\users\dmorgan\documents\current\birdstrike\birdstrike2\birdstrike2\builds\holo\app_1\build\obj\birdstrike2\arm\debug\multiplequalifiersperdimensionfound.txt
c:\users\dmorgan\documents\current\birdstrike\birdstrike2\birdstrike2\builds\holo\app_1\build\obj\birdstrike2\arm\debug\projectarchitectures.txt
c:\users\dmorgan\documents\current\birdstrike\birdstrike2\birdstrike2\builds\holo\app_1\build\obj\birdstrike2\arm\debug\.winmd_cache\$unityplayer.winmd_637139849740000000.json
c:\users\dmorgan\documents\current\birdstrike\birdstrike2\birdstrike2\builds\holo\app_1\build\bin\arm\debug\appxmanifest.xml
c:\users\dmorgan\documents\current\birdstrike\birdstrike2\birdstrike2\builds\holo\app_1\build\bin\arm\debug\birdstrike2.build.appxrecipe
c:\users\dmorgan\documents\current\birdstrike\birdstrike2\birdstrike2\builds\holo\app_1\build\obj\birdstrike2\arm\debug\birdstrike2.pch
c:\users\dmorgan\documents\current\birdstrike\birdstrike2\birdstrike2\builds\holo\app_1\build\obj\birdstrike2\arm\debug\vc142.pdb
c:\users\dmorgan\documents\current\birdstrike\birdstrike2\birdstrike2\builds\holo\app_1\build\obj\birdstrike2\arm\debug\pch.obj
c:\users\dmorgan\documents\current\birdstrike\birdstrike2\birdstrike2\builds\holo\app_1\build\obj\birdstrike2\arm\debug\unitygenerated.obj
c:\users\dmorgan\documents\current\birdstrike\birdstrike2\birdstrike2\builds\holo\app_1\build\obj\birdstrike2\arm\debug\main.obj
c:\users\dmorgan\documents\current\birdstrike\birdstrike2\birdstrike2\builds\holo\app_1\build\obj\birdstrike2\arm\debug\app.obj
c:\users\dmorgan\documents\current\birdstrike\birdstrike2\birdstrike2\builds\holo\app_1\build\bin\arm\debug\birdstrike2.ilk
c:\users\dmorgan\documents\current\birdstrike\birdstrike2\birdstrike2\builds\holo\app_1\build\bin\arm\debug\birdstrike2.exe
c:\users\dmorgan\documents\current\birdstrike\birdstrike2\birdstrike2\builds\holo\app_1\build\bin\arm\debug\birdstrike2.pdb
c:\users\dmorgan\documents\current\birdstrike\birdstrike2\birdstrike2\builds\holo\app_1\build\obj\birdstrike2\arm\debug\birdstrike2.tlog\birdstrike2.read.1u.tlog
c:\users\dmorgan\documents\current\birdstrike\birdstrike2\birdstrike2\builds\holo\app_1\build\obj\birdstrike2\arm\debug\birdstrike2.tlog\birdstrike2.write.1u.tlog
c:\users\dmorgan\documents\current\birdstrike\birdstrike2\birdstrike2\builds\holo\app_1\build\obj\birdstrike2\arm\debug\birdstrike2.tlog\cl.command.1.tlog
c:\users\dmorgan\documents\current\birdstrike\birdstrike2\birdstrike2\builds\holo\app_1\build\obj\birdstrike2\arm\debug\birdstrike2.tlog\cl.read.1.tlog
c:\users\dmorgan\documents\current\birdstrike\birdstrike2\birdstrike2\builds\holo\app_1\build\obj\birdstrike2\arm\debug\birdstrike2.tlog\cl.write.1.tlog
c:\users\dmorgan\documents\current\birdstrike\birdstrike2\birdstrike2\builds\holo\app_1\build\obj\birdstrike2\arm\debug\birdstrike2.tlog\link.command.1.tlog
c:\users\dmorgan\documents\current\birdstrike\birdstrike2\birdstrike2\builds\holo\app_1\build\obj\birdstrike2\arm\debug\birdstrike2.tlog\link.read.1.tlog
c:\users\dmorgan\documents\current\birdstrike\birdstrike2\birdstrike2\builds\holo\app_1\build\obj\birdstrike2\arm\debug\birdstrike2.tlog\link.write.1.tlog
